<?xml version="1.0" encoding="UTF-8"?>
<testng-results ignored="0" total="1" passed="1" failed="0" skipped="0">
  <reporter-output>
  </reporter-output>
  <suite started-at="2022-10-19T13:40:30 GMT-04:00" name="Page Object test example" finished-at="2022-10-19T13:41:14 GMT-04:00" duration-ms="43717">
    <groups>
    </groups>
    <test started-at="2022-10-19T13:40:30 GMT-04:00" name="test-1" finished-at="2022-10-19T13:41:14 GMT-04:00" duration-ms="43717">
      <class name="com.orangeHRM.test.OrangeHRM_Login">
        <test-method is-config="true" signature="SetUp()[pri:0, instance:com.orangeHRM.test.OrangeHRM_Login@27f981c6]" started-at="2022-10-19T13:40:30 GMT-04:00" name="SetUp" finished-at="2022-10-19T13:40:32 GMT-04:00" duration-ms="1403" status="PASS">
          <reporter-output>
          </reporter-output>
        </test-method> <!-- SetUp -->
        <test-method is-config="true" signature="initializeTestBaseSetup(java.lang.String,java.lang.String)[pri:0, instance:com.orangeHRM.test.OrangeHRM_Login@27f981c6]" started-at="2022-10-19T13:40:32 GMT-04:00" name="initializeTestBaseSetup" finished-at="2022-10-19T13:41:00 GMT-04:00" duration-ms="28452" status="PASS">
          <params>
            <param index="0">
              <value>
                <![CDATA[chrome]]>
              </value>
            </param>
            <param index="1">
              <value>
                <![CDATA[https://opensource-demo.orangehrmlive.com/web/index.php/auth/login]]>
              </value>
            </param>
          </params>
          <reporter-output>
          </reporter-output>
        </test-method> <!-- initializeTestBaseSetup -->
        <test-method is-config="true" signature="setUp()[pri:0, instance:com.orangeHRM.test.OrangeHRM_Login@27f981c6]" started-at="2022-10-19T13:41:00 GMT-04:00" name="setUp" finished-at="2022-10-19T13:41:00 GMT-04:00" duration-ms="102" status="PASS">
          <reporter-output>
          </reporter-output>
        </test-method> <!-- setUp -->
        <test-method signature="logoVerifyTest()[pri:3, instance:com.orangeHRM.test.OrangeHRM_Login@27f981c6]" started-at="2022-10-19T13:41:00 GMT-04:00" name="logoVerifyTest" description="validateLogo() method call for logo verification" finished-at="2022-10-19T13:41:09 GMT-04:00" duration-ms="8341" status="PASS">
          <reporter-output>
          </reporter-output>
        </test-method> <!-- logoVerifyTest -->
        <test-method is-config="true" signature="tearDown()[pri:0, instance:com.orangeHRM.test.OrangeHRM_Login@27f981c6]" started-at="2022-10-19T13:41:09 GMT-04:00" name="tearDown" finished-at="2022-10-19T13:41:13 GMT-04:00" duration-ms="4134" status="PASS">
          <reporter-output>
          </reporter-output>
        </test-method> <!-- tearDown -->
        <test-method is-config="true" signature="tearDown()[pri:0, instance:com.orangeHRM.test.OrangeHRM_Login@27f981c6]" started-at="2022-10-19T13:41:13 GMT-04:00" name="tearDown" finished-at="2022-10-19T13:41:14 GMT-04:00" duration-ms="1086" status="PASS">
          <reporter-output>
          </reporter-output>
        </test-method> <!-- tearDown -->
      </class> <!-- com.orangeHRM.test.OrangeHRM_Login -->
    </test> <!-- test-1 -->
  </suite> <!-- Page Object test example -->
</testng-results>
